2025-09-04 12:02:46,088 - INFO - migration_routes.py:103 - Output directory created/verified at: C:\Users\284699\Desktop\Tasks\MIGRATION\TOOL(Legacy Lift)\mono to grpc\project-updated\dotnet-microservice-extractor\output
2025-09-04 12:03:05,019 - INFO - main.py:33 - POST /api/v1/login 404 0.00s
2025-09-04 12:04:19,327 - INFO - main.py:33 - POST /api/v1/migration/login 200 0.01s
2025-09-04 14:23:17,348 - INFO - main.py:33 - OPTIONS /api/v1/migration/register 200 0.01s
2025-09-04 14:23:17,364 - INFO - main.py:33 - POST /api/v1/migration/register 422 0.01s
2025-09-04 14:24:06,643 - INFO - main.py:33 - POST /api/v1/migration/register 422 0.00s
2025-09-04 14:25:01,825 - INFO - main.py:33 - POST /api/v1/migration/register 422 0.00s
2025-09-04 14:25:33,404 - INFO - main.py:33 - POST /api/v1/migration/register 422 0.00s
2025-09-04 14:26:48,162 - INFO - main.py:33 - POST /api/v1/migration/register 422 0.01s
2025-09-04 14:27:02,073 - INFO - main.py:33 - POST /api/v1/migration/register 422 0.00s
2025-09-04 14:27:57,688 - INFO - main.py:33 - POST /api/v1/migration/login 200 0.00s
2025-09-04 15:19:25,388 - INFO - main.py:33 - OPTIONS /api/v1/migration/register 200 0.00s
2025-09-04 15:19:25,440 - INFO - main.py:33 - POST /api/v1/migration/register 422 0.03s
2025-09-04 15:19:55,691 - INFO - main.py:33 - POST /api/v1/migration/login 200 0.07s
2025-09-04 15:21:45,144 - INFO - main.py:33 - POST /api/v1/migration/register 422 0.00s
2025-09-04 15:23:53,867 - INFO - main.py:33 - GET / 404 0.00s
2025-09-04 15:23:54,010 - INFO - main.py:33 - GET /favicon.ico 404 0.00s
2025-09-04 15:24:04,042 - INFO - main.py:33 - GET /docs 200 0.00s
2025-09-04 15:24:05,383 - INFO - main.py:33 - GET /openapi.json 200 0.11s
2025-09-04 15:24:14,733 - INFO - main.py:33 - POST /api/v1/migration/register 200 0.16s
2025-09-04 15:24:43,175 - INFO - main.py:33 - GET /docs 200 0.00s
2025-09-04 15:24:43,690 - INFO - main.py:33 - GET /openapi.json 200 0.00s
2025-09-04 15:29:29,091 - INFO - main.py:33 - OPTIONS /api/v1/migration/register 200 0.00s
2025-09-04 15:29:29,100 - INFO - main.py:33 - POST /api/v1/migration/register 422 0.00s
2025-09-04 15:29:40,716 - INFO - main.py:33 - POST /api/v1/migration/register 422 0.00s
2025-09-04 15:30:17,217 - INFO - main.py:33 - POST /api/v1/migration/register 422 0.00s
2025-09-04 15:59:27,941 - INFO - main.py:33 - POST /api/v1/migration/register 422 0.01s
2025-09-04 15:59:43,514 - INFO - main.py:33 - POST /api/v1/migration/register 422 0.00s
2025-09-04 16:07:13,456 - INFO - main.py:33 - POST /api/v1/migration/register 422 0.01s
2025-09-04 16:15:24,404 - INFO - main.py:33 - POST /api/v1/migration/register 422 0.00s
2025-09-04 16:18:26,678 - INFO - main.py:33 - POST /api/v1/migration/register 422 0.01s
